2023.03.14 11:37:29 INFO  Started: Metals version 0.11.11 in workspace '/Users/raf/Documents/OOAD/Project-4.2' for client Visual Studio Code 1.75.1.
SLF4J: No SLF4J providers were found.
SLF4J: Defaulting to no-operation (NOP) logger implementation
SLF4J: See https://www.slf4j.org/codes.html#noProviders for further details.
SLF4J: Class path contains SLF4J bindings targeting slf4j-api versions 1.7.x or earlier.
SLF4J: Ignoring binding found at [jar:file:/Users/raf/Library/Caches/Coursier/v1/https/repo1.maven.org/maven2/com/outr/scribe-slf4j_2.13/3.11.0/scribe-slf4j_2.13-3.11.0.jar!/org/slf4j/impl/StaticLoggerBinder.class]
SLF4J: See https://www.slf4j.org/codes.html#ignoredBindings for an explanation.
2023.03.14 11:37:30 INFO  time: initialize in 0.88s
2023.03.14 11:37:33 WARN  Build server is not auto-connectable.
2023.03.14 11:37:33 WARN  no build tool detected in workspace '/Users/raf/Documents/OOAD/Project-4.2'. The most common cause for this problem is that the editor was opened in the wrong working directory, for example if you use sbt then the workspace directory should contain build.sbt. 
2023.03.14 11:37:33 WARN  no build target for: /Users/raf/Documents/OOAD/Project-4.2/StaffFactory.java
Mar 14, 2023 11:37:33 AM org.eclipse.lsp4j.jsonrpc.RemoteEndpoint handleCancellation
WARNING: Unmatched cancel notification for request id 2
Mar 14, 2023 11:37:33 AM org.eclipse.lsp4j.jsonrpc.RemoteEndpoint handleCancellation
WARNING: Unmatched cancel notification for request id 5
Mar 14, 2023 11:37:33 AM org.eclipse.lsp4j.jsonrpc.RemoteEndpoint handleCancellation
WARNING: Unmatched cancel notification for request id 6
Mar 14, 2023 11:37:33 AM org.eclipse.lsp4j.jsonrpc.RemoteEndpoint handleCancellation
WARNING: Unmatched cancel notification for request id 7
2023.03.14 11:37:34 INFO  time: code lens generation in 1.23s
2023.03.14 11:37:34 INFO  time: code lens generation in 1.1s
2023.03.14 11:37:57 WARN  no build target for: /Users/raf/Documents/OOAD/Project-4.2/StaffFactory.java
2023.03.14 11:39:02 WARN  no build target for: /Users/raf/Documents/OOAD/Project-4.2/Vehicle.java
2023.03.14 11:39:04 WARN  no build target for: /Users/raf/Documents/OOAD/Project-4.2/VehiclesFactory.java
2023.03.14 11:39:05 WARN  no build target for: /Users/raf/Documents/OOAD/Project-4.2/Tests.java
2023.03.14 11:39:06 WARN  Running javac-semanticdb failed for file:///Users/raf/Documents/OOAD/Project-4.2/Tests.java. Output:
/Users/raf/Documents/OOAD/Project-4.2/Tests.java:7: error: '}' expected
        (Staff) staffFactory.createNewEmployee("Hansel Simpson");
                                                                ^
/Users/raf/Documents/OOAD/Project-4.2/Tests.java:9: error: class, interface, or enum expected
}
^
2 errors
2023.03.14 11:39:22 WARN  no build target for: /Users/raf/Documents/OOAD/Project-4.2/VehiclesFactory.java
Mar 14, 2023 11:39:25 AM org.eclipse.lsp4j.jsonrpc.RemoteEndpoint fallbackResponseError
SEVERE: Internal error: java.lang.ArrayIndexOutOfBoundsException: arraycopy: last source index 8 out of bounds for char[7]
java.util.concurrent.CompletionException: java.lang.ArrayIndexOutOfBoundsException: arraycopy: last source index 8 out of bounds for char[7]
	at java.base/java.util.concurrent.CompletableFuture.encodeThrowable(CompletableFuture.java:331)
	at java.base/java.util.concurrent.CompletableFuture.completeThrowable(CompletableFuture.java:346)
	at java.base/java.util.concurrent.CompletableFuture$UniAccept.tryFire(CompletableFuture.java:704)
	at java.base/java.util.concurrent.CompletableFuture.postComplete(CompletableFuture.java:506)
	at java.base/java.util.concurrent.CompletableFuture.completeExceptionally(CompletableFuture.java:2088)
	at scala.meta.internal.metals.CancelTokens$.$anonfun$future$1(CancelTokens.scala:40)
	at scala.meta.internal.metals.CancelTokens$.$anonfun$future$1$adapted(CancelTokens.scala:38)
	at scala.concurrent.impl.Promise$Transformation.run(Promise.scala:484)
	at java.base/java.util.concurrent.ThreadPoolExecutor.runWorker(ThreadPoolExecutor.java:1128)
	at java.base/java.util.concurrent.ThreadPoolExecutor$Worker.run(ThreadPoolExecutor.java:628)
	at java.base/java.lang.Thread.run(Thread.java:829)
Caused by: java.lang.ArrayIndexOutOfBoundsException: arraycopy: last source index 8 out of bounds for char[7]
	at java.base/java.lang.System.arraycopy(Native Method)
	at org.eclipse.jdt.internal.core.util.PublicScanner.getCurrentTokenSource(PublicScanner.java:496)
	at scala.meta.internal.parsing.JavaFoldingRangeExtractor.swallowUntilSemicolon$1(JavaFoldingRangeExtractor.scala:52)
	at scala.meta.internal.parsing.JavaFoldingRangeExtractor.gatherImportLines$1(JavaFoldingRangeExtractor.scala:76)
	at scala.meta.internal.parsing.JavaFoldingRangeExtractor.gather$1(JavaFoldingRangeExtractor.scala:123)
	at scala.meta.internal.parsing.JavaFoldingRangeExtractor.extract(JavaFoldingRangeExtractor.scala:155)
	at scala.meta.internal.parsing.FoldingRangeProvider.$anonfun$getRangedForJava$2(FoldingRangeProvider.scala:48)
	at scala.Option$WithFilter.map(Option.scala:242)
	at scala.meta.internal.parsing.FoldingRangeProvider.getRangedForJava(FoldingRangeProvider.scala:43)
	at scala.meta.internal.metals.MetalsLspService.$anonfun$foldingRange$3(MetalsLspService.scala:1776)
	at scala.concurrent.Future$.$anonfun$apply$1(Future.scala:678)
	at scala.concurrent.impl.Promise$Transformation.run(Promise.scala:467)
	... 3 more

Mar 14, 2023 11:39:26 AM org.eclipse.lsp4j.jsonrpc.RemoteEndpoint fallbackResponseError
SEVERE: Internal error: java.lang.ArrayIndexOutOfBoundsException: arraycopy: last source index 10 out of bounds for char[9]
java.util.concurrent.CompletionException: java.lang.ArrayIndexOutOfBoundsException: arraycopy: last source index 10 out of bounds for char[9]
	at java.base/java.util.concurrent.CompletableFuture.encodeThrowable(CompletableFuture.java:331)
	at java.base/java.util.concurrent.CompletableFuture.completeThrowable(CompletableFuture.java:346)
	at java.base/java.util.concurrent.CompletableFuture$UniAccept.tryFire(CompletableFuture.java:704)
	at java.base/java.util.concurrent.CompletableFuture.postComplete(CompletableFuture.java:506)
	at java.base/java.util.concurrent.CompletableFuture.completeExceptionally(CompletableFuture.java:2088)
	at scala.meta.internal.metals.CancelTokens$.$anonfun$future$1(CancelTokens.scala:40)
	at scala.meta.internal.metals.CancelTokens$.$anonfun$future$1$adapted(CancelTokens.scala:38)
	at scala.concurrent.impl.Promise$Transformation.run(Promise.scala:484)
	at java.base/java.util.concurrent.ThreadPoolExecutor.runWorker(ThreadPoolExecutor.java:1128)
	at java.base/java.util.concurrent.ThreadPoolExecutor$Worker.run(ThreadPoolExecutor.java:628)
	at java.base/java.lang.Thread.run(Thread.java:829)
Caused by: java.lang.ArrayIndexOutOfBoundsException: arraycopy: last source index 10 out of bounds for char[9]
	at java.base/java.lang.System.arraycopy(Native Method)
	at org.eclipse.jdt.internal.core.util.PublicScanner.getCurrentTokenSource(PublicScanner.java:496)
	at scala.meta.internal.parsing.JavaFoldingRangeExtractor.swallowUntilSemicolon$1(JavaFoldingRangeExtractor.scala:52)
	at scala.meta.internal.parsing.JavaFoldingRangeExtractor.gatherImportLines$1(JavaFoldingRangeExtractor.scala:76)
	at scala.meta.internal.parsing.JavaFoldingRangeExtractor.gather$1(JavaFoldingRangeExtractor.scala:123)
	at scala.meta.internal.parsing.JavaFoldingRangeExtractor.extract(JavaFoldingRangeExtractor.scala:155)
	at scala.meta.internal.parsing.FoldingRangeProvider.$anonfun$getRangedForJava$2(FoldingRangeProvider.scala:48)
	at scala.Option$WithFilter.map(Option.scala:242)
	at scala.meta.internal.parsing.FoldingRangeProvider.getRangedForJava(FoldingRangeProvider.scala:43)
	at scala.meta.internal.metals.MetalsLspService.$anonfun$foldingRange$3(MetalsLspService.scala:1776)
	at scala.concurrent.Future$.$anonfun$apply$1(Future.scala:678)
	at scala.concurrent.impl.Promise$Transformation.run(Promise.scala:467)
	... 3 more

Mar 14, 2023 11:39:27 AM org.eclipse.lsp4j.jsonrpc.RemoteEndpoint fallbackResponseError
SEVERE: Internal error: java.lang.ArrayIndexOutOfBoundsException: arraycopy: last source index 13 out of bounds for char[12]
java.util.concurrent.CompletionException: java.lang.ArrayIndexOutOfBoundsException: arraycopy: last source index 13 out of bounds for char[12]
	at java.base/java.util.concurrent.CompletableFuture.encodeThrowable(CompletableFuture.java:331)
	at java.base/java.util.concurrent.CompletableFuture.completeThrowable(CompletableFuture.java:346)
	at java.base/java.util.concurrent.CompletableFuture$UniAccept.tryFire(CompletableFuture.java:704)
	at java.base/java.util.concurrent.CompletableFuture.postComplete(CompletableFuture.java:506)
	at java.base/java.util.concurrent.CompletableFuture.completeExceptionally(CompletableFuture.java:2088)
	at scala.meta.internal.metals.CancelTokens$.$anonfun$future$1(CancelTokens.scala:40)
	at scala.meta.internal.metals.CancelTokens$.$anonfun$future$1$adapted(CancelTokens.scala:38)
	at scala.concurrent.impl.Promise$Transformation.run(Promise.scala:484)
	at java.base/java.util.concurrent.ThreadPoolExecutor.runWorker(ThreadPoolExecutor.java:1128)
	at java.base/java.util.concurrent.ThreadPoolExecutor$Worker.run(ThreadPoolExecutor.java:628)
	at java.base/java.lang.Thread.run(Thread.java:829)
Caused by: java.lang.ArrayIndexOutOfBoundsException: arraycopy: last source index 13 out of bounds for char[12]
	at java.base/java.lang.System.arraycopy(Native Method)
	at org.eclipse.jdt.internal.core.util.PublicScanner.getCurrentTokenSource(PublicScanner.java:496)
	at scala.meta.internal.parsing.JavaFoldingRangeExtractor.swallowUntilSemicolon$1(JavaFoldingRangeExtractor.scala:52)
	at scala.meta.internal.parsing.JavaFoldingRangeExtractor.gatherImportLines$1(JavaFoldingRangeExtractor.scala:76)
	at scala.meta.internal.parsing.JavaFoldingRangeExtractor.gather$1(JavaFoldingRangeExtractor.scala:123)
	at scala.meta.internal.parsing.JavaFoldingRangeExtractor.extract(JavaFoldingRangeExtractor.scala:155)
	at scala.meta.internal.parsing.FoldingRangeProvider.$anonfun$getRangedForJava$2(FoldingRangeProvider.scala:48)
	at scala.Option$WithFilter.map(Option.scala:242)
	at scala.meta.internal.parsing.FoldingRangeProvider.getRangedForJava(FoldingRangeProvider.scala:43)
	at scala.meta.internal.metals.MetalsLspService.$anonfun$foldingRange$3(MetalsLspService.scala:1776)
	at scala.concurrent.Future$.$anonfun$apply$1(Future.scala:678)
	at scala.concurrent.impl.Promise$Transformation.run(Promise.scala:467)
	... 3 more

Mar 14, 2023 11:39:27 AM org.eclipse.lsp4j.jsonrpc.RemoteEndpoint fallbackResponseError
SEVERE: Internal error: java.lang.ArrayIndexOutOfBoundsException: arraycopy: last source index 14 out of bounds for char[13]
java.util.concurrent.CompletionException: java.lang.ArrayIndexOutOfBoundsException: arraycopy: last source index 14 out of bounds for char[13]
	at java.base/java.util.concurrent.CompletableFuture.encodeThrowable(CompletableFuture.java:331)
	at java.base/java.util.concurrent.CompletableFuture.completeThrowable(CompletableFuture.java:346)
	at java.base/java.util.concurrent.CompletableFuture$UniAccept.tryFire(CompletableFuture.java:704)
	at java.base/java.util.concurrent.CompletableFuture.postComplete(CompletableFuture.java:506)
	at java.base/java.util.concurrent.CompletableFuture.completeExceptionally(CompletableFuture.java:2088)
	at scala.meta.internal.metals.CancelTokens$.$anonfun$future$1(CancelTokens.scala:40)
	at scala.meta.internal.metals.CancelTokens$.$anonfun$future$1$adapted(CancelTokens.scala:38)
	at scala.concurrent.impl.Promise$Transformation.run(Promise.scala:484)
	at java.base/java.util.concurrent.ThreadPoolExecutor.runWorker(ThreadPoolExecutor.java:1128)
	at java.base/java.util.concurrent.ThreadPoolExecutor$Worker.run(ThreadPoolExecutor.java:628)
	at java.base/java.lang.Thread.run(Thread.java:829)
Caused by: java.lang.ArrayIndexOutOfBoundsException: arraycopy: last source index 14 out of bounds for char[13]
	at java.base/java.lang.System.arraycopy(Native Method)
	at org.eclipse.jdt.internal.core.util.PublicScanner.getCurrentTokenSource(PublicScanner.java:496)
	at scala.meta.internal.parsing.JavaFoldingRangeExtractor.swallowUntilSemicolon$1(JavaFoldingRangeExtractor.scala:52)
	at scala.meta.internal.parsing.JavaFoldingRangeExtractor.gatherImportLines$1(JavaFoldingRangeExtractor.scala:76)
	at scala.meta.internal.parsing.JavaFoldingRangeExtractor.gather$1(JavaFoldingRangeExtractor.scala:123)
	at scala.meta.internal.parsing.JavaFoldingRangeExtractor.extract(JavaFoldingRangeExtractor.scala:155)
	at scala.meta.internal.parsing.FoldingRangeProvider.$anonfun$getRangedForJava$2(FoldingRangeProvider.scala:48)
	at scala.Option$WithFilter.map(Option.scala:242)
	at scala.meta.internal.parsing.FoldingRangeProvider.getRangedForJava(FoldingRangeProvider.scala:43)
	at scala.meta.internal.metals.MetalsLspService.$anonfun$foldingRange$3(MetalsLspService.scala:1776)
	at scala.concurrent.Future$.$anonfun$apply$1(Future.scala:678)
	at scala.concurrent.impl.Promise$Transformation.run(Promise.scala:467)
	... 3 more

Mar 14, 2023 11:39:28 AM org.eclipse.lsp4j.jsonrpc.RemoteEndpoint fallbackResponseError
SEVERE: Internal error: java.lang.ArrayIndexOutOfBoundsException: arraycopy: last source index 10 out of bounds for char[9]
java.util.concurrent.CompletionException: java.lang.ArrayIndexOutOfBoundsException: arraycopy: last source index 10 out of bounds for char[9]
	at java.base/java.util.concurrent.CompletableFuture.encodeThrowable(CompletableFuture.java:331)
	at java.base/java.util.concurrent.CompletableFuture.completeThrowable(CompletableFuture.java:346)
	at java.base/java.util.concurrent.CompletableFuture$UniAccept.tryFire(CompletableFuture.java:704)
	at java.base/java.util.concurrent.CompletableFuture.postComplete(CompletableFuture.java:506)
	at java.base/java.util.concurrent.CompletableFuture.completeExceptionally(CompletableFuture.java:2088)
	at scala.meta.internal.metals.CancelTokens$.$anonfun$future$1(CancelTokens.scala:40)
	at scala.meta.internal.metals.CancelTokens$.$anonfun$future$1$adapted(CancelTokens.scala:38)
	at scala.concurrent.impl.Promise$Transformation.run(Promise.scala:484)
	at java.base/java.util.concurrent.ThreadPoolExecutor.runWorker(ThreadPoolExecutor.java:1128)
	at java.base/java.util.concurrent.ThreadPoolExecutor$Worker.run(ThreadPoolExecutor.java:628)
	at java.base/java.lang.Thread.run(Thread.java:829)
Caused by: java.lang.ArrayIndexOutOfBoundsException: arraycopy: last source index 10 out of bounds for char[9]
	at java.base/java.lang.System.arraycopy(Native Method)
	at org.eclipse.jdt.internal.core.util.PublicScanner.getCurrentTokenSource(PublicScanner.java:496)
	at scala.meta.internal.parsing.JavaFoldingRangeExtractor.swallowUntilSemicolon$1(JavaFoldingRangeExtractor.scala:52)
	at scala.meta.internal.parsing.JavaFoldingRangeExtractor.gatherImportLines$1(JavaFoldingRangeExtractor.scala:76)
	at scala.meta.internal.parsing.JavaFoldingRangeExtractor.gather$1(JavaFoldingRangeExtractor.scala:123)
	at scala.meta.internal.parsing.JavaFoldingRangeExtractor.extract(JavaFoldingRangeExtractor.scala:155)
	at scala.meta.internal.parsing.FoldingRangeProvider.$anonfun$getRangedForJava$2(FoldingRangeProvider.scala:48)
	at scala.Option$WithFilter.map(Option.scala:242)
	at scala.meta.internal.parsing.FoldingRangeProvider.getRangedForJava(FoldingRangeProvider.scala:43)
	at scala.meta.internal.metals.MetalsLspService.$anonfun$foldingRange$3(MetalsLspService.scala:1776)
	at scala.concurrent.Future$.$anonfun$apply$1(Future.scala:678)
	at scala.concurrent.impl.Promise$Transformation.run(Promise.scala:467)
	... 3 more

Mar 14, 2023 11:39:29 AM org.eclipse.lsp4j.jsonrpc.RemoteEndpoint fallbackResponseError
SEVERE: Internal error: java.lang.ArrayIndexOutOfBoundsException: arraycopy: last source index 12 out of bounds for char[11]
java.util.concurrent.CompletionException: java.lang.ArrayIndexOutOfBoundsException: arraycopy: last source index 12 out of bounds for char[11]
	at java.base/java.util.concurrent.CompletableFuture.encodeThrowable(CompletableFuture.java:331)
	at java.base/java.util.concurrent.CompletableFuture.completeThrowable(CompletableFuture.java:346)
	at java.base/java.util.concurrent.CompletableFuture$UniAccept.tryFire(CompletableFuture.java:704)
	at java.base/java.util.concurrent.CompletableFuture.postComplete(CompletableFuture.java:506)
	at java.base/java.util.concurrent.CompletableFuture.completeExceptionally(CompletableFuture.java:2088)
	at scala.meta.internal.metals.CancelTokens$.$anonfun$future$1(CancelTokens.scala:40)
	at scala.meta.internal.metals.CancelTokens$.$anonfun$future$1$adapted(CancelTokens.scala:38)
	at scala.concurrent.impl.Promise$Transformation.run(Promise.scala:484)
	at java.base/java.util.concurrent.ThreadPoolExecutor.runWorker(ThreadPoolExecutor.java:1128)
	at java.base/java.util.concurrent.ThreadPoolExecutor$Worker.run(ThreadPoolExecutor.java:628)
	at java.base/java.lang.Thread.run(Thread.java:829)
Caused by: java.lang.ArrayIndexOutOfBoundsException: arraycopy: last source index 12 out of bounds for char[11]
	at java.base/java.lang.System.arraycopy(Native Method)
	at org.eclipse.jdt.internal.core.util.PublicScanner.getCurrentTokenSource(PublicScanner.java:496)
	at scala.meta.internal.parsing.JavaFoldingRangeExtractor.swallowUntilSemicolon$1(JavaFoldingRangeExtractor.scala:52)
	at scala.meta.internal.parsing.JavaFoldingRangeExtractor.gatherImportLines$1(JavaFoldingRangeExtractor.scala:76)
	at scala.meta.internal.parsing.JavaFoldingRangeExtractor.gather$1(JavaFoldingRangeExtractor.scala:123)
	at scala.meta.internal.parsing.JavaFoldingRangeExtractor.extract(JavaFoldingRangeExtractor.scala:155)
	at scala.meta.internal.parsing.FoldingRangeProvider.$anonfun$getRangedForJava$2(FoldingRangeProvider.scala:48)
	at scala.Option$WithFilter.map(Option.scala:242)
	at scala.meta.internal.parsing.FoldingRangeProvider.getRangedForJava(FoldingRangeProvider.scala:43)
	at scala.meta.internal.metals.MetalsLspService.$anonfun$foldingRange$3(MetalsLspService.scala:1776)
	at scala.concurrent.Future$.$anonfun$apply$1(Future.scala:678)
	at scala.concurrent.impl.Promise$Transformation.run(Promise.scala:467)
	... 3 more

Mar 14, 2023 11:39:29 AM org.eclipse.lsp4j.jsonrpc.RemoteEndpoint fallbackResponseError
SEVERE: Internal error: java.lang.ArrayIndexOutOfBoundsException: arraycopy: last source index 13 out of bounds for char[12]
java.util.concurrent.CompletionException: java.lang.ArrayIndexOutOfBoundsException: arraycopy: last source index 13 out of bounds for char[12]
	at java.base/java.util.concurrent.CompletableFuture.encodeThrowable(CompletableFuture.java:331)
	at java.base/java.util.concurrent.CompletableFuture.completeThrowable(CompletableFuture.java:346)
	at java.base/java.util.concurrent.CompletableFuture$UniAccept.tryFire(CompletableFuture.java:704)
	at java.base/java.util.concurrent.CompletableFuture.postComplete(CompletableFuture.java:506)
	at java.base/java.util.concurrent.CompletableFuture.completeExceptionally(CompletableFuture.java:2088)
	at scala.meta.internal.metals.CancelTokens$.$anonfun$future$1(CancelTokens.scala:40)
	at scala.meta.internal.metals.CancelTokens$.$anonfun$future$1$adapted(CancelTokens.scala:38)
	at scala.concurrent.impl.Promise$Transformation.run(Promise.scala:484)
	at java.base/java.util.concurrent.ThreadPoolExecutor.runWorker(ThreadPoolExecutor.java:1128)
	at java.base/java.util.concurrent.ThreadPoolExecutor$Worker.run(ThreadPoolExecutor.java:628)
	at java.base/java.lang.Thread.run(Thread.java:829)
Caused by: java.lang.ArrayIndexOutOfBoundsException: arraycopy: last source index 13 out of bounds for char[12]
	at java.base/java.lang.System.arraycopy(Native Method)
	at org.eclipse.jdt.internal.core.util.PublicScanner.getCurrentTokenSource(PublicScanner.java:496)
	at scala.meta.internal.parsing.JavaFoldingRangeExtractor.swallowUntilSemicolon$1(JavaFoldingRangeExtractor.scala:52)
	at scala.meta.internal.parsing.JavaFoldingRangeExtractor.gatherImportLines$1(JavaFoldingRangeExtractor.scala:76)
	at scala.meta.internal.parsing.JavaFoldingRangeExtractor.gather$1(JavaFoldingRangeExtractor.scala:123)
	at scala.meta.internal.parsing.JavaFoldingRangeExtractor.extract(JavaFoldingRangeExtractor.scala:155)
	at scala.meta.internal.parsing.FoldingRangeProvider.$anonfun$getRangedForJava$2(FoldingRangeProvider.scala:48)
	at scala.Option$WithFilter.map(Option.scala:242)
	at scala.meta.internal.parsing.FoldingRangeProvider.getRangedForJava(FoldingRangeProvider.scala:43)
	at scala.meta.internal.metals.MetalsLspService.$anonfun$foldingRange$3(MetalsLspService.scala:1776)
	at scala.concurrent.Future$.$anonfun$apply$1(Future.scala:678)
	at scala.concurrent.impl.Promise$Transformation.run(Promise.scala:467)
	... 3 more

Mar 14, 2023 11:39:30 AM org.eclipse.lsp4j.jsonrpc.RemoteEndpoint fallbackResponseError
SEVERE: Internal error: java.lang.ArrayIndexOutOfBoundsException: arraycopy: last source index 17 out of bounds for char[16]
java.util.concurrent.CompletionException: java.lang.ArrayIndexOutOfBoundsException: arraycopy: last source index 17 out of bounds for char[16]
	at java.base/java.util.concurrent.CompletableFuture.encodeThrowable(CompletableFuture.java:331)
	at java.base/java.util.concurrent.CompletableFuture.completeThrowable(CompletableFuture.java:346)
	at java.base/java.util.concurrent.CompletableFuture$UniAccept.tryFire(CompletableFuture.java:704)
	at java.base/java.util.concurrent.CompletableFuture.postComplete(CompletableFuture.java:506)
	at java.base/java.util.concurrent.CompletableFuture.completeExceptionally(CompletableFuture.java:2088)
	at scala.meta.internal.metals.CancelTokens$.$anonfun$future$1(CancelTokens.scala:40)
	at scala.meta.internal.metals.CancelTokens$.$anonfun$future$1$adapted(CancelTokens.scala:38)
	at scala.concurrent.impl.Promise$Transformation.run(Promise.scala:484)
	at java.base/java.util.concurrent.ThreadPoolExecutor.runWorker(ThreadPoolExecutor.java:1128)
	at java.base/java.util.concurrent.ThreadPoolExecutor$Worker.run(ThreadPoolExecutor.java:628)
	at java.base/java.lang.Thread.run(Thread.java:829)
Caused by: java.lang.ArrayIndexOutOfBoundsException: arraycopy: last source index 17 out of bounds for char[16]
	at java.base/java.lang.System.arraycopy(Native Method)
	at org.eclipse.jdt.internal.core.util.PublicScanner.getCurrentTokenSource(PublicScanner.java:496)
	at scala.meta.internal.parsing.JavaFoldingRangeExtractor.swallowUntilSemicolon$1(JavaFoldingRangeExtractor.scala:52)
	at scala.meta.internal.parsing.JavaFoldingRangeExtractor.gatherImportLines$1(JavaFoldingRangeExtractor.scala:76)
	at scala.meta.internal.parsing.JavaFoldingRangeExtractor.gather$1(JavaFoldingRangeExtractor.scala:123)
	at scala.meta.internal.parsing.JavaFoldingRangeExtractor.extract(JavaFoldingRangeExtractor.scala:155)
	at scala.meta.internal.parsing.FoldingRangeProvider.$anonfun$getRangedForJava$2(FoldingRangeProvider.scala:48)
	at scala.Option$WithFilter.map(Option.scala:242)
	at scala.meta.internal.parsing.FoldingRangeProvider.getRangedForJava(FoldingRangeProvider.scala:43)
	at scala.meta.internal.metals.MetalsLspService.$anonfun$foldingRange$3(MetalsLspService.scala:1776)
	at scala.concurrent.Future$.$anonfun$apply$1(Future.scala:678)
	at scala.concurrent.impl.Promise$Transformation.run(Promise.scala:467)
	... 3 more

Mar 14, 2023 11:39:30 AM org.eclipse.lsp4j.jsonrpc.RemoteEndpoint fallbackResponseError
SEVERE: Internal error: java.lang.ArrayIndexOutOfBoundsException: arraycopy: last source index 18 out of bounds for char[17]
java.util.concurrent.CompletionException: java.lang.ArrayIndexOutOfBoundsException: arraycopy: last source index 18 out of bounds for char[17]
	at java.base/java.util.concurrent.CompletableFuture.encodeThrowable(CompletableFuture.java:331)
	at java.base/java.util.concurrent.CompletableFuture.completeThrowable(CompletableFuture.java:346)
	at java.base/java.util.concurrent.CompletableFuture$UniAccept.tryFire(CompletableFuture.java:704)
	at java.base/java.util.concurrent.CompletableFuture.postComplete(CompletableFuture.java:506)
	at java.base/java.util.concurrent.CompletableFuture.completeExceptionally(CompletableFuture.java:2088)
	at scala.meta.internal.metals.CancelTokens$.$anonfun$future$1(CancelTokens.scala:40)
	at scala.meta.internal.metals.CancelTokens$.$anonfun$future$1$adapted(CancelTokens.scala:38)
	at scala.concurrent.impl.Promise$Transformation.run(Promise.scala:484)
	at java.base/java.util.concurrent.ThreadPoolExecutor.runWorker(ThreadPoolExecutor.java:1128)
	at java.base/java.util.concurrent.ThreadPoolExecutor$Worker.run(ThreadPoolExecutor.java:628)
	at java.base/java.lang.Thread.run(Thread.java:829)
Caused by: java.lang.ArrayIndexOutOfBoundsException: arraycopy: last source index 18 out of bounds for char[17]
	at java.base/java.lang.System.arraycopy(Native Method)
	at org.eclipse.jdt.internal.core.util.PublicScanner.getCurrentTokenSource(PublicScanner.java:496)
	at scala.meta.internal.parsing.JavaFoldingRangeExtractor.swallowUntilSemicolon$1(JavaFoldingRangeExtractor.scala:52)
	at scala.meta.internal.parsing.JavaFoldingRangeExtractor.gatherImportLines$1(JavaFoldingRangeExtractor.scala:76)
	at scala.meta.internal.parsing.JavaFoldingRangeExtractor.gather$1(JavaFoldingRangeExtractor.scala:123)
	at scala.meta.internal.parsing.JavaFoldingRangeExtractor.extract(JavaFoldingRangeExtractor.scala:155)
	at scala.meta.internal.parsing.FoldingRangeProvider.$anonfun$getRangedForJava$2(FoldingRangeProvider.scala:48)
	at scala.Option$WithFilter.map(Option.scala:242)
	at scala.meta.internal.parsing.FoldingRangeProvider.getRangedForJava(FoldingRangeProvider.scala:43)
	at scala.meta.internal.metals.MetalsLspService.$anonfun$foldingRange$3(MetalsLspService.scala:1776)
	at scala.concurrent.Future$.$anonfun$apply$1(Future.scala:678)
	at scala.concurrent.impl.Promise$Transformation.run(Promise.scala:467)
	... 3 more

Mar 14, 2023 11:39:30 AM org.eclipse.lsp4j.jsonrpc.RemoteEndpoint fallbackResponseError
SEVERE: Internal error: java.lang.ArrayIndexOutOfBoundsException: arraycopy: last source index 19 out of bounds for char[18]
java.util.concurrent.CompletionException: java.lang.ArrayIndexOutOfBoundsException: arraycopy: last source index 19 out of bounds for char[18]
	at java.base/java.util.concurrent.CompletableFuture.encodeThrowable(CompletableFuture.java:331)
	at java.base/java.util.concurrent.CompletableFuture.completeThrowable(CompletableFuture.java:346)
	at java.base/java.util.concurrent.CompletableFuture$UniAccept.tryFire(CompletableFuture.java:704)
	at java.base/java.util.concurrent.CompletableFuture.postComplete(CompletableFuture.java:506)
	at java.base/java.util.concurrent.CompletableFuture.completeExceptionally(CompletableFuture.java:2088)
	at scala.meta.internal.metals.CancelTokens$.$anonfun$future$1(CancelTokens.scala:40)
	at scala.meta.internal.metals.CancelTokens$.$anonfun$future$1$adapted(CancelTokens.scala:38)
	at scala.concurrent.impl.Promise$Transformation.run(Promise.scala:484)
	at java.base/java.util.concurrent.ThreadPoolExecutor.runWorker(ThreadPoolExecutor.java:1128)
	at java.base/java.util.concurrent.ThreadPoolExecutor$Worker.run(ThreadPoolExecutor.java:628)
	at java.base/java.lang.Thread.run(Thread.java:829)
Caused by: java.lang.ArrayIndexOutOfBoundsException: arraycopy: last source index 19 out of bounds for char[18]
	at java.base/java.lang.System.arraycopy(Native Method)
	at org.eclipse.jdt.internal.core.util.PublicScanner.getCurrentTokenSource(PublicScanner.java:496)
	at scala.meta.internal.parsing.JavaFoldingRangeExtractor.swallowUntilSemicolon$1(JavaFoldingRangeExtractor.scala:52)
	at scala.meta.internal.parsing.JavaFoldingRangeExtractor.gatherImportLines$1(JavaFoldingRangeExtractor.scala:76)
	at scala.meta.internal.parsing.JavaFoldingRangeExtractor.gather$1(JavaFoldingRangeExtractor.scala:123)
	at scala.meta.internal.parsing.JavaFoldingRangeExtractor.extract(JavaFoldingRangeExtractor.scala:155)
	at scala.meta.internal.parsing.FoldingRangeProvider.$anonfun$getRangedForJava$2(FoldingRangeProvider.scala:48)
	at scala.Option$WithFilter.map(Option.scala:242)
	at scala.meta.internal.parsing.FoldingRangeProvider.getRangedForJava(FoldingRangeProvider.scala:43)
	at scala.meta.internal.metals.MetalsLspService.$anonfun$foldingRange$3(MetalsLspService.scala:1776)
	at scala.concurrent.Future$.$anonfun$apply$1(Future.scala:678)
	at scala.concurrent.impl.Promise$Transformation.run(Promise.scala:467)
	... 3 more

Mar 14, 2023 11:39:31 AM org.eclipse.lsp4j.jsonrpc.RemoteEndpoint fallbackResponseError
SEVERE: Internal error: java.lang.ArrayIndexOutOfBoundsException: arraycopy: last source index 21 out of bounds for char[20]
java.util.concurrent.CompletionException: java.lang.ArrayIndexOutOfBoundsException: arraycopy: last source index 21 out of bounds for char[20]
	at java.base/java.util.concurrent.CompletableFuture.encodeThrowable(CompletableFuture.java:331)
	at java.base/java.util.concurrent.CompletableFuture.completeThrowable(CompletableFuture.java:346)
	at java.base/java.util.concurrent.CompletableFuture$UniAccept.tryFire(CompletableFuture.java:704)
	at java.base/java.util.concurrent.CompletableFuture.postComplete(CompletableFuture.java:506)
	at java.base/java.util.concurrent.CompletableFuture.completeExceptionally(CompletableFuture.java:2088)
	at scala.meta.internal.metals.CancelTokens$.$anonfun$future$1(CancelTokens.scala:40)
	at scala.meta.internal.metals.CancelTokens$.$anonfun$future$1$adapted(CancelTokens.scala:38)
	at scala.concurrent.impl.Promise$Transformation.run(Promise.scala:484)
	at java.base/java.util.concurrent.ThreadPoolExecutor.runWorker(ThreadPoolExecutor.java:1128)
	at java.base/java.util.concurrent.ThreadPoolExecutor$Worker.run(ThreadPoolExecutor.java:628)
	at java.base/java.lang.Thread.run(Thread.java:829)
Caused by: java.lang.ArrayIndexOutOfBoundsException: arraycopy: last source index 21 out of bounds for char[20]
	at java.base/java.lang.System.arraycopy(Native Method)
	at org.eclipse.jdt.internal.core.util.PublicScanner.getCurrentTokenSource(PublicScanner.java:496)
	at scala.meta.internal.parsing.JavaFoldingRangeExtractor.swallowUntilSemicolon$1(JavaFoldingRangeExtractor.scala:52)
	at scala.meta.internal.parsing.JavaFoldingRangeExtractor.gatherImportLines$1(JavaFoldingRangeExtractor.scala:76)
	at scala.meta.internal.parsing.JavaFoldingRangeExtractor.gather$1(JavaFoldingRangeExtractor.scala:123)
	at scala.meta.internal.parsing.JavaFoldingRangeExtractor.extract(JavaFoldingRangeExtractor.scala:155)
	at scala.meta.internal.parsing.FoldingRangeProvider.$anonfun$getRangedForJava$2(FoldingRangeProvider.scala:48)
	at scala.Option$WithFilter.map(Option.scala:242)
	at scala.meta.internal.parsing.FoldingRangeProvider.getRangedForJava(FoldingRangeProvider.scala:43)
	at scala.meta.internal.metals.MetalsLspService.$anonfun$foldingRange$3(MetalsLspService.scala:1776)
	at scala.concurrent.Future$.$anonfun$apply$1(Future.scala:678)
	at scala.concurrent.impl.Promise$Transformation.run(Promise.scala:467)
	... 3 more

Mar 14, 2023 11:39:31 AM org.eclipse.lsp4j.jsonrpc.RemoteEndpoint fallbackResponseError
SEVERE: Internal error: java.lang.ArrayIndexOutOfBoundsException: arraycopy: last source index 29 out of bounds for char[28]
java.util.concurrent.CompletionException: java.lang.ArrayIndexOutOfBoundsException: arraycopy: last source index 29 out of bounds for char[28]
	at java.base/java.util.concurrent.CompletableFuture.encodeThrowable(CompletableFuture.java:331)
	at java.base/java.util.concurrent.CompletableFuture.completeThrowable(CompletableFuture.java:346)
	at java.base/java.util.concurrent.CompletableFuture$UniAccept.tryFire(CompletableFuture.java:704)
	at java.base/java.util.concurrent.CompletableFuture.postComplete(CompletableFuture.java:506)
	at java.base/java.util.concurrent.CompletableFuture.completeExceptionally(CompletableFuture.java:2088)
	at scala.meta.internal.metals.CancelTokens$.$anonfun$future$1(CancelTokens.scala:40)
	at scala.meta.internal.metals.CancelTokens$.$anonfun$future$1$adapted(CancelTokens.scala:38)
	at scala.concurrent.impl.Promise$Transformation.run(Promise.scala:484)
	at java.base/java.util.concurrent.ThreadPoolExecutor.runWorker(ThreadPoolExecutor.java:1128)
	at java.base/java.util.concurrent.ThreadPoolExecutor$Worker.run(ThreadPoolExecutor.java:628)
	at java.base/java.lang.Thread.run(Thread.java:829)
Caused by: java.lang.ArrayIndexOutOfBoundsException: arraycopy: last source index 29 out of bounds for char[28]
	at java.base/java.lang.System.arraycopy(Native Method)
	at org.eclipse.jdt.internal.core.util.PublicScanner.getRawTokenSource(PublicScanner.java:597)
	at scala.meta.internal.parsing.JavaFoldingRangeExtractor.gatherImportLines$1(JavaFoldingRangeExtractor.scala:73)
	at scala.meta.internal.parsing.JavaFoldingRangeExtractor.gather$1(JavaFoldingRangeExtractor.scala:123)
	at scala.meta.internal.parsing.JavaFoldingRangeExtractor.extract(JavaFoldingRangeExtractor.scala:155)
	at scala.meta.internal.parsing.FoldingRangeProvider.$anonfun$getRangedForJava$2(FoldingRangeProvider.scala:48)
	at scala.Option$WithFilter.map(Option.scala:242)
	at scala.meta.internal.parsing.FoldingRangeProvider.getRangedForJava(FoldingRangeProvider.scala:43)
	at scala.meta.internal.metals.MetalsLspService.$anonfun$foldingRange$3(MetalsLspService.scala:1776)
	at scala.concurrent.Future$.$anonfun$apply$1(Future.scala:678)
	at scala.concurrent.impl.Promise$Transformation.run(Promise.scala:467)
	... 3 more

Mar 14, 2023 11:39:32 AM org.eclipse.lsp4j.jsonrpc.RemoteEndpoint fallbackResponseError
SEVERE: Internal error: java.lang.ArrayIndexOutOfBoundsException: arraycopy: last source index 28 out of bounds for char[27]
java.util.concurrent.CompletionException: java.lang.ArrayIndexOutOfBoundsException: arraycopy: last source index 28 out of bounds for char[27]
	at java.base/java.util.concurrent.CompletableFuture.encodeThrowable(CompletableFuture.java:331)
	at java.base/java.util.concurrent.CompletableFuture.completeThrowable(CompletableFuture.java:346)
	at java.base/java.util.concurrent.CompletableFuture$UniAccept.tryFire(CompletableFuture.java:704)
	at java.base/java.util.concurrent.CompletableFuture.postComplete(CompletableFuture.java:506)
	at java.base/java.util.concurrent.CompletableFuture.completeExceptionally(CompletableFuture.java:2088)
	at scala.meta.internal.metals.CancelTokens$.$anonfun$future$1(CancelTokens.scala:40)
	at scala.meta.internal.metals.CancelTokens$.$anonfun$future$1$adapted(CancelTokens.scala:38)
	at scala.concurrent.impl.Promise$Transformation.run(Promise.scala:484)
	at java.base/java.util.concurrent.ThreadPoolExecutor.runWorker(ThreadPoolExecutor.java:1128)
	at java.base/java.util.concurrent.ThreadPoolExecutor$Worker.run(ThreadPoolExecutor.java:628)
	at java.base/java.lang.Thread.run(Thread.java:829)
Caused by: java.lang.ArrayIndexOutOfBoundsException: arraycopy: last source index 28 out of bounds for char[27]
	at java.base/java.lang.System.arraycopy(Native Method)
	at org.eclipse.jdt.internal.core.util.PublicScanner.getCurrentTokenSource(PublicScanner.java:496)
	at scala.meta.internal.parsing.JavaFoldingRangeExtractor.swallowUntilSemicolon$1(JavaFoldingRangeExtractor.scala:52)
	at scala.meta.internal.parsing.JavaFoldingRangeExtractor.gatherImportLines$1(JavaFoldingRangeExtractor.scala:76)
	at scala.meta.internal.parsing.JavaFoldingRangeExtractor.gather$1(JavaFoldingRangeExtractor.scala:123)
	at scala.meta.internal.parsing.JavaFoldingRangeExtractor.extract(JavaFoldingRangeExtractor.scala:155)
	at scala.meta.internal.parsing.FoldingRangeProvider.$anonfun$getRangedForJava$2(FoldingRangeProvider.scala:48)
	at scala.Option$WithFilter.map(Option.scala:242)
	at scala.meta.internal.parsing.FoldingRangeProvider.getRangedForJava(FoldingRangeProvider.scala:43)
	at scala.meta.internal.metals.MetalsLspService.$anonfun$foldingRange$3(MetalsLspService.scala:1776)
	at scala.concurrent.Future$.$anonfun$apply$1(Future.scala:678)
	at scala.concurrent.impl.Promise$Transformation.run(Promise.scala:467)
	... 3 more

Mar 14, 2023 11:39:33 AM org.eclipse.lsp4j.jsonrpc.RemoteEndpoint fallbackResponseError
SEVERE: Internal error: java.lang.ArrayIndexOutOfBoundsException: arraycopy: last source index 24 out of bounds for char[23]
java.util.concurrent.CompletionException: java.lang.ArrayIndexOutOfBoundsException: arraycopy: last source index 24 out of bounds for char[23]
	at java.base/java.util.concurrent.CompletableFuture.encodeThrowable(CompletableFuture.java:331)
	at java.base/java.util.concurrent.CompletableFuture.completeThrowable(CompletableFuture.java:346)
	at java.base/java.util.concurrent.CompletableFuture$UniAccept.tryFire(CompletableFuture.java:704)
	at java.base/java.util.concurrent.CompletableFuture.postComplete(CompletableFuture.java:506)
	at java.base/java.util.concurrent.CompletableFuture.completeExceptionally(CompletableFuture.java:2088)
	at scala.meta.internal.metals.CancelTokens$.$anonfun$future$1(CancelTokens.scala:40)
	at scala.meta.internal.metals.CancelTokens$.$anonfun$future$1$adapted(CancelTokens.scala:38)
	at scala.concurrent.impl.Promise$Transformation.run(Promise.scala:484)
	at java.base/java.util.concurrent.ThreadPoolExecutor.runWorker(ThreadPoolExecutor.java:1128)
	at java.base/java.util.concurrent.ThreadPoolExecutor$Worker.run(ThreadPoolExecutor.java:628)
	at java.base/java.lang.Thread.run(Thread.java:829)
Caused by: java.lang.ArrayIndexOutOfBoundsException: arraycopy: last source index 24 out of bounds for char[23]
	at java.base/java.lang.System.arraycopy(Native Method)
	at org.eclipse.jdt.internal.core.util.PublicScanner.getCurrentTokenSource(PublicScanner.java:496)
	at scala.meta.internal.parsing.JavaFoldingRangeExtractor.swallowUntilSemicolon$1(JavaFoldingRangeExtractor.scala:52)
	at scala.meta.internal.parsing.JavaFoldingRangeExtractor.gatherImportLines$1(JavaFoldingRangeExtractor.scala:76)
	at scala.meta.internal.parsing.JavaFoldingRangeExtractor.gather$1(JavaFoldingRangeExtractor.scala:123)
	at scala.meta.internal.parsing.JavaFoldingRangeExtractor.extract(JavaFoldingRangeExtractor.scala:155)
	at scala.meta.internal.parsing.FoldingRangeProvider.$anonfun$getRangedForJava$2(FoldingRangeProvider.scala:48)
	at scala.Option$WithFilter.map(Option.scala:242)
	at scala.meta.internal.parsing.FoldingRangeProvider.getRangedForJava(FoldingRangeProvider.scala:43)
	at scala.meta.internal.metals.MetalsLspService.$anonfun$foldingRange$3(MetalsLspService.scala:1776)
	at scala.concurrent.Future$.$anonfun$apply$1(Future.scala:678)
	at scala.concurrent.impl.Promise$Transformation.run(Promise.scala:467)
	... 3 more

Mar 14, 2023 11:39:33 AM org.eclipse.lsp4j.jsonrpc.RemoteEndpoint fallbackResponseError
SEVERE: Internal error: java.lang.ArrayIndexOutOfBoundsException: arraycopy: last source index 23 out of bounds for char[22]
java.util.concurrent.CompletionException: java.lang.ArrayIndexOutOfBoundsException: arraycopy: last source index 23 out of bounds for char[22]
	at java.base/java.util.concurrent.CompletableFuture.encodeThrowable(CompletableFuture.java:331)
	at java.base/java.util.concurrent.CompletableFuture.completeThrowable(CompletableFuture.java:346)
	at java.base/java.util.concurrent.CompletableFuture$UniAccept.tryFire(CompletableFuture.java:704)
	at java.base/java.util.concurrent.CompletableFuture.postComplete(CompletableFuture.java:506)
	at java.base/java.util.concurrent.CompletableFuture.completeExceptionally(CompletableFuture.java:2088)
	at scala.meta.internal.metals.CancelTokens$.$anonfun$future$1(CancelTokens.scala:40)
	at scala.meta.internal.metals.CancelTokens$.$anonfun$future$1$adapted(CancelTokens.scala:38)
	at scala.concurrent.impl.Promise$Transformation.run(Promise.scala:484)
	at java.base/java.util.concurrent.ThreadPoolExecutor.runWorker(ThreadPoolExecutor.java:1128)
	at java.base/java.util.concurrent.ThreadPoolExecutor$Worker.run(ThreadPoolExecutor.java:628)
	at java.base/java.lang.Thread.run(Thread.java:829)
Caused by: java.lang.ArrayIndexOutOfBoundsException: arraycopy: last source index 23 out of bounds for char[22]
	at java.base/java.lang.System.arraycopy(Native Method)
	at org.eclipse.jdt.internal.core.util.PublicScanner.getCurrentTokenSource(PublicScanner.java:496)
	at scala.meta.internal.parsing.JavaFoldingRangeExtractor.swallowUntilSemicolon$1(JavaFoldingRangeExtractor.scala:52)
	at scala.meta.internal.parsing.JavaFoldingRangeExtractor.gatherImportLines$1(JavaFoldingRangeExtractor.scala:76)
	at scala.meta.internal.parsing.JavaFoldingRangeExtractor.gather$1(JavaFoldingRangeExtractor.scala:123)
	at scala.meta.internal.parsing.JavaFoldingRangeExtractor.extract(JavaFoldingRangeExtractor.scala:155)
	at scala.meta.internal.parsing.FoldingRangeProvider.$anonfun$getRangedForJava$2(FoldingRangeProvider.scala:48)
	at scala.Option$WithFilter.map(Option.scala:242)
	at scala.meta.internal.parsing.FoldingRangeProvider.getRangedForJava(FoldingRangeProvider.scala:43)
	at scala.meta.internal.metals.MetalsLspService.$anonfun$foldingRange$3(MetalsLspService.scala:1776)
	at scala.concurrent.Future$.$anonfun$apply$1(Future.scala:678)
	at scala.concurrent.impl.Promise$Transformation.run(Promise.scala:467)
	... 3 more

Mar 14, 2023 11:39:33 AM org.eclipse.lsp4j.jsonrpc.RemoteEndpoint fallbackResponseError
SEVERE: Internal error: java.lang.ArrayIndexOutOfBoundsException: arraycopy: last source index 24 out of bounds for char[23]
java.util.concurrent.CompletionException: java.lang.ArrayIndexOutOfBoundsException: arraycopy: last source index 24 out of bounds for char[23]
	at java.base/java.util.concurrent.CompletableFuture.encodeThrowable(CompletableFuture.java:331)
	at java.base/java.util.concurrent.CompletableFuture.completeThrowable(CompletableFuture.java:346)
	at java.base/java.util.concurrent.CompletableFuture$UniAccept.tryFire(CompletableFuture.java:704)
	at java.base/java.util.concurrent.CompletableFuture.postComplete(CompletableFuture.java:506)
	at java.base/java.util.concurrent.CompletableFuture.completeExceptionally(CompletableFuture.java:2088)
	at scala.meta.internal.metals.CancelTokens$.$anonfun$future$1(CancelTokens.scala:40)
	at scala.meta.internal.metals.CancelTokens$.$anonfun$future$1$adapted(CancelTokens.scala:38)
	at scala.concurrent.impl.Promise$Transformation.run(Promise.scala:484)
	at java.base/java.util.concurrent.ThreadPoolExecutor.runWorker(ThreadPoolExecutor.java:1128)
	at java.base/java.util.concurrent.ThreadPoolExecutor$Worker.run(ThreadPoolExecutor.java:628)
	at java.base/java.lang.Thread.run(Thread.java:829)
Caused by: java.lang.ArrayIndexOutOfBoundsException: arraycopy: last source index 24 out of bounds for char[23]
	at java.base/java.lang.System.arraycopy(Native Method)
	at org.eclipse.jdt.internal.core.util.PublicScanner.getCurrentTokenSource(PublicScanner.java:496)
	at scala.meta.internal.parsing.JavaFoldingRangeExtractor.swallowUntilSemicolon$1(JavaFoldingRangeExtractor.scala:52)
	at scala.meta.internal.parsing.JavaFoldingRangeExtractor.gatherImportLines$1(JavaFoldingRangeExtractor.scala:76)
	at scala.meta.internal.parsing.JavaFoldingRangeExtractor.gather$1(JavaFoldingRangeExtractor.scala:123)
	at scala.meta.internal.parsing.JavaFoldingRangeExtractor.extract(JavaFoldingRangeExtractor.scala:155)
	at scala.meta.internal.parsing.FoldingRangeProvider.$anonfun$getRangedForJava$2(FoldingRangeProvider.scala:48)
	at scala.Option$WithFilter.map(Option.scala:242)
	at scala.meta.internal.parsing.FoldingRangeProvider.getRangedForJava(FoldingRangeProvider.scala:43)
	at scala.meta.internal.metals.MetalsLspService.$anonfun$foldingRange$3(MetalsLspService.scala:1776)
	at scala.concurrent.Future$.$anonfun$apply$1(Future.scala:678)
	at scala.concurrent.impl.Promise$Transformation.run(Promise.scala:467)
	... 3 more

Mar 14, 2023 11:39:34 AM org.eclipse.lsp4j.jsonrpc.RemoteEndpoint fallbackResponseError
SEVERE: Internal error: java.lang.ArrayIndexOutOfBoundsException: arraycopy: last source index 26 out of bounds for char[25]
java.util.concurrent.CompletionException: java.lang.ArrayIndexOutOfBoundsException: arraycopy: last source index 26 out of bounds for char[25]
	at java.base/java.util.concurrent.CompletableFuture.encodeThrowable(CompletableFuture.java:331)
	at java.base/java.util.concurrent.CompletableFuture.completeThrowable(CompletableFuture.java:346)
	at java.base/java.util.concurrent.CompletableFuture$UniAccept.tryFire(CompletableFuture.java:704)
	at java.base/java.util.concurrent.CompletableFuture.postComplete(CompletableFuture.java:506)
	at java.base/java.util.concurrent.CompletableFuture.completeExceptionally(CompletableFuture.java:2088)
	at scala.meta.internal.metals.CancelTokens$.$anonfun$future$1(CancelTokens.scala:40)
	at scala.meta.internal.metals.CancelTokens$.$anonfun$future$1$adapted(CancelTokens.scala:38)
	at scala.concurrent.impl.Promise$Transformation.run(Promise.scala:484)
	at java.base/java.util.concurrent.ThreadPoolExecutor.runWorker(ThreadPoolExecutor.java:1128)
	at java.base/java.util.concurrent.ThreadPoolExecutor$Worker.run(ThreadPoolExecutor.java:628)
	at java.base/java.lang.Thread.run(Thread.java:829)
Caused by: java.lang.ArrayIndexOutOfBoundsException: arraycopy: last source index 26 out of bounds for char[25]
	at java.base/java.lang.System.arraycopy(Native Method)
	at org.eclipse.jdt.internal.core.util.PublicScanner.getCurrentTokenSource(PublicScanner.java:496)
	at scala.meta.internal.parsing.JavaFoldingRangeExtractor.swallowUntilSemicolon$1(JavaFoldingRangeExtractor.scala:52)
	at scala.meta.internal.parsing.JavaFoldingRangeExtractor.gatherImportLines$1(JavaFoldingRangeExtractor.scala:76)
	at scala.meta.internal.parsing.JavaFoldingRangeExtractor.gather$1(JavaFoldingRangeExtractor.scala:123)
	at scala.meta.internal.parsing.JavaFoldingRangeExtractor.extract(JavaFoldingRangeExtractor.scala:155)
	at scala.meta.internal.parsing.FoldingRangeProvider.$anonfun$getRangedForJava$2(FoldingRangeProvider.scala:48)
	at scala.Option$WithFilter.map(Option.scala:242)
	at scala.meta.internal.parsing.FoldingRangeProvider.getRangedForJava(FoldingRangeProvider.scala:43)
	at scala.meta.internal.metals.MetalsLspService.$anonfun$foldingRange$3(MetalsLspService.scala:1776)
	at scala.concurrent.Future$.$anonfun$apply$1(Future.scala:678)
	at scala.concurrent.impl.Promise$Transformation.run(Promise.scala:467)
	... 3 more

Mar 14, 2023 11:39:34 AM org.eclipse.lsp4j.jsonrpc.RemoteEndpoint fallbackResponseError
SEVERE: Internal error: java.lang.ArrayIndexOutOfBoundsException: arraycopy: last source index 28 out of bounds for char[27]
java.util.concurrent.CompletionException: java.lang.ArrayIndexOutOfBoundsException: arraycopy: last source index 28 out of bounds for char[27]
	at java.base/java.util.concurrent.CompletableFuture.encodeThrowable(CompletableFuture.java:331)
	at java.base/java.util.concurrent.CompletableFuture.completeThrowable(CompletableFuture.java:346)
	at java.base/java.util.concurrent.CompletableFuture$UniAccept.tryFire(CompletableFuture.java:704)
	at java.base/java.util.concurrent.CompletableFuture.postComplete(CompletableFuture.java:506)
	at java.base/java.util.concurrent.CompletableFuture.completeExceptionally(CompletableFuture.java:2088)
	at scala.meta.internal.metals.CancelTokens$.$anonfun$future$1(CancelTokens.scala:40)
	at scala.meta.internal.metals.CancelTokens$.$anonfun$future$1$adapted(CancelTokens.scala:38)
	at scala.concurrent.impl.Promise$Transformation.run(Promise.scala:484)
	at java.base/java.util.concurrent.ThreadPoolExecutor.runWorker(ThreadPoolExecutor.java:1128)
	at java.base/java.util.concurrent.ThreadPoolExecutor$Worker.run(ThreadPoolExecutor.java:628)
	at java.base/java.lang.Thread.run(Thread.java:829)
Caused by: java.lang.ArrayIndexOutOfBoundsException: arraycopy: last source index 28 out of bounds for char[27]
	at java.base/java.lang.System.arraycopy(Native Method)
	at org.eclipse.jdt.internal.core.util.PublicScanner.getRawTokenSource(PublicScanner.java:597)
	at scala.meta.internal.parsing.JavaFoldingRangeExtractor.gatherImportLines$1(JavaFoldingRangeExtractor.scala:73)
	at scala.meta.internal.parsing.JavaFoldingRangeExtractor.gather$1(JavaFoldingRangeExtractor.scala:123)
	at scala.meta.internal.parsing.JavaFoldingRangeExtractor.extract(JavaFoldingRangeExtractor.scala:155)
	at scala.meta.internal.parsing.FoldingRangeProvider.$anonfun$getRangedForJava$2(FoldingRangeProvider.scala:48)
	at scala.Option$WithFilter.map(Option.scala:242)
	at scala.meta.internal.parsing.FoldingRangeProvider.getRangedForJava(FoldingRangeProvider.scala:43)
	at scala.meta.internal.metals.MetalsLspService.$anonfun$foldingRange$3(MetalsLspService.scala:1776)
	at scala.concurrent.Future$.$anonfun$apply$1(Future.scala:678)
	at scala.concurrent.impl.Promise$Transformation.run(Promise.scala:467)
	... 3 more

Mar 14, 2023 11:39:35 AM org.eclipse.lsp4j.jsonrpc.RemoteEndpoint fallbackResponseError
SEVERE: Internal error: java.lang.ArrayIndexOutOfBoundsException: arraycopy: last source index 28 out of bounds for char[27]
java.util.concurrent.CompletionException: java.lang.ArrayIndexOutOfBoundsException: arraycopy: last source index 28 out of bounds for char[27]
	at java.base/java.util.concurrent.CompletableFuture.encodeThrowable(CompletableFuture.java:331)
	at java.base/java.util.concurrent.CompletableFuture.completeThrowable(CompletableFuture.java:346)
	at java.base/java.util.concurrent.CompletableFuture$UniAccept.tryFire(CompletableFuture.java:704)
	at java.base/java.util.concurrent.CompletableFuture.postComplete(CompletableFuture.java:506)
	at java.base/java.util.concurrent.CompletableFuture.completeExceptionally(CompletableFuture.java:2088)
	at scala.meta.internal.metals.CancelTokens$.$anonfun$future$1(CancelTokens.scala:40)
	at scala.meta.internal.metals.CancelTokens$.$anonfun$future$1$adapted(CancelTokens.scala:38)
	at scala.concurrent.impl.Promise$Transformation.run(Promise.scala:484)
	at java.base/java.util.concurrent.ThreadPoolExecutor.runWorker(ThreadPoolExecutor.java:1128)
	at java.base/java.util.concurrent.ThreadPoolExecutor$Worker.run(ThreadPoolExecutor.java:628)
	at java.base/java.lang.Thread.run(Thread.java:829)
Caused by: java.lang.ArrayIndexOutOfBoundsException: arraycopy: last source index 28 out of bounds for char[27]
	at java.base/java.lang.System.arraycopy(Native Method)
	at org.eclipse.jdt.internal.core.util.PublicScanner.getRawTokenSource(PublicScanner.java:597)
	at scala.meta.internal.parsing.JavaFoldingRangeExtractor.gatherImportLines$1(JavaFoldingRangeExtractor.scala:73)
	at scala.meta.internal.parsing.JavaFoldingRangeExtractor.gather$1(JavaFoldingRangeExtractor.scala:123)
	at scala.meta.internal.parsing.JavaFoldingRangeExtractor.extract(JavaFoldingRangeExtractor.scala:155)
	at scala.meta.internal.parsing.FoldingRangeProvider.$anonfun$getRangedForJava$2(FoldingRangeProvider.scala:48)
	at scala.Option$WithFilter.map(Option.scala:242)
	at scala.meta.internal.parsing.FoldingRangeProvider.getRangedForJava(FoldingRangeProvider.scala:43)
	at scala.meta.internal.metals.MetalsLspService.$anonfun$foldingRange$3(MetalsLspService.scala:1776)
	at scala.concurrent.Future$.$anonfun$apply$1(Future.scala:678)
	at scala.concurrent.impl.Promise$Transformation.run(Promise.scala:467)
	... 3 more

Mar 14, 2023 11:39:36 AM org.eclipse.lsp4j.jsonrpc.RemoteEndpoint fallbackResponseError
SEVERE: Internal error: java.lang.ArrayIndexOutOfBoundsException: arraycopy: last source index 29 out of bounds for char[28]
java.util.concurrent.CompletionException: java.lang.ArrayIndexOutOfBoundsException: arraycopy: last source index 29 out of bounds for char[28]
	at java.base/java.util.concurrent.CompletableFuture.encodeThrowable(CompletableFuture.java:331)
	at java.base/java.util.concurrent.CompletableFuture.completeThrowable(CompletableFuture.java:346)
	at java.base/java.util.concurrent.CompletableFuture$UniAccept.tryFire(CompletableFuture.java:704)
	at java.base/java.util.concurrent.CompletableFuture.postComplete(CompletableFuture.java:506)
	at java.base/java.util.concurrent.CompletableFuture.completeExceptionally(CompletableFuture.java:2088)
	at scala.meta.internal.metals.CancelTokens$.$anonfun$future$1(CancelTokens.scala:40)
	at scala.meta.internal.metals.CancelTokens$.$anonfun$future$1$adapted(CancelTokens.scala:38)
	at scala.concurrent.impl.Promise$Transformation.run(Promise.scala:484)
	at java.base/java.util.concurrent.ThreadPoolExecutor.runWorker(ThreadPoolExecutor.java:1128)
	at java.base/java.util.concurrent.ThreadPoolExecutor$Worker.run(ThreadPoolExecutor.java:628)
	at java.base/java.lang.Thread.run(Thread.java:829)
Caused by: java.lang.ArrayIndexOutOfBoundsException: arraycopy: last source index 29 out of bounds for char[28]
	at java.base/java.lang.System.arraycopy(Native Method)
	at org.eclipse.jdt.internal.core.util.PublicScanner.getRawTokenSource(PublicScanner.java:597)
	at scala.meta.internal.parsing.JavaFoldingRangeExtractor.gatherImportLines$1(JavaFoldingRangeExtractor.scala:83)
	at scala.meta.internal.parsing.JavaFoldingRangeExtractor.gather$1(JavaFoldingRangeExtractor.scala:123)
	at scala.meta.internal.parsing.JavaFoldingRangeExtractor.extract(JavaFoldingRangeExtractor.scala:155)
	at scala.meta.internal.parsing.FoldingRangeProvider.$anonfun$getRangedForJava$2(FoldingRangeProvider.scala:48)
	at scala.Option$WithFilter.map(Option.scala:242)
	at scala.meta.internal.parsing.FoldingRangeProvider.getRangedForJava(FoldingRangeProvider.scala:43)
	at scala.meta.internal.metals.MetalsLspService.$anonfun$foldingRange$3(MetalsLspService.scala:1776)
	at scala.concurrent.Future$.$anonfun$apply$1(Future.scala:678)
	at scala.concurrent.impl.Promise$Transformation.run(Promise.scala:467)
	... 3 more

Mar 14, 2023 11:39:38 AM org.eclipse.lsp4j.jsonrpc.RemoteEndpoint fallbackResponseError
SEVERE: Internal error: java.lang.ArrayIndexOutOfBoundsException: arraycopy: last source index 30 out of bounds for char[29]
java.util.concurrent.CompletionException: java.lang.ArrayIndexOutOfBoundsException: arraycopy: last source index 30 out of bounds for char[29]
	at java.base/java.util.concurrent.CompletableFuture.encodeThrowable(CompletableFuture.java:331)
	at java.base/java.util.concurrent.CompletableFuture.completeThrowable(CompletableFuture.java:346)
	at java.base/java.util.concurrent.CompletableFuture$UniAccept.tryFire(CompletableFuture.java:704)
	at java.base/java.util.concurrent.CompletableFuture.postComplete(CompletableFuture.java:506)
	at java.base/java.util.concurrent.CompletableFuture.completeExceptionally(CompletableFuture.java:2088)
	at scala.meta.internal.metals.CancelTokens$.$anonfun$future$1(CancelTokens.scala:40)
	at scala.meta.internal.metals.CancelTokens$.$anonfun$future$1$adapted(CancelTokens.scala:38)
	at scala.concurrent.impl.Promise$Transformation.run(Promise.scala:484)
	at java.base/java.util.concurrent.ThreadPoolExecutor.runWorker(ThreadPoolExecutor.java:1128)
	at java.base/java.util.concurrent.ThreadPoolExecutor$Worker.run(ThreadPoolExecutor.java:628)
	at java.base/java.lang.Thread.run(Thread.java:829)
Caused by: java.lang.ArrayIndexOutOfBoundsException: arraycopy: last source index 30 out of bounds for char[29]
	at java.base/java.lang.System.arraycopy(Native Method)
	at org.eclipse.jdt.internal.core.util.PublicScanner.getRawTokenSource(PublicScanner.java:597)
	at scala.meta.internal.parsing.JavaFoldingRangeExtractor.gatherImportLines$1(JavaFoldingRangeExtractor.scala:83)
	at scala.meta.internal.parsing.JavaFoldingRangeExtractor.gather$1(JavaFoldingRangeExtractor.scala:123)
	at scala.meta.internal.parsing.JavaFoldingRangeExtractor.extract(JavaFoldingRangeExtractor.scala:155)
	at scala.meta.internal.parsing.FoldingRangeProvider.$anonfun$getRangedForJava$2(FoldingRangeProvider.scala:48)
	at scala.Option$WithFilter.map(Option.scala:242)
	at scala.meta.internal.parsing.FoldingRangeProvider.getRangedForJava(FoldingRangeProvider.scala:43)
	at scala.meta.internal.metals.MetalsLspService.$anonfun$foldingRange$3(MetalsLspService.scala:1776)
	at scala.concurrent.Future$.$anonfun$apply$1(Future.scala:678)
	at scala.concurrent.impl.Promise$Transformation.run(Promise.scala:467)
	... 3 more

2023.03.14 11:43:31 WARN  no build target for: /Users/raf/Documents/OOAD/Project-4.2/VehiclesFactory.java
2023.03.14 11:43:52 WARN  no build target for: /Users/raf/Documents/OOAD/Project-4.2/VehiclesFactory.java
2023.03.14 11:44:24 WARN  no build target for: /Users/raf/Documents/OOAD/Project-4.2/VehiclesFactory.java
2023.03.14 11:46:54 WARN  no build target for: /Users/raf/Documents/OOAD/Project-4.2/VehiclesFactory.java
2023.03.14 11:47:01 WARN  no build target for: /Users/raf/Documents/OOAD/Project-4.2/VehiclesFactory.java
2023.03.14 11:47:18 WARN  no build target for: /Users/raf/Documents/OOAD/Project-4.2/VehiclesFactory.java
2023.03.14 11:49:27 WARN  no build target for: /Users/raf/Documents/OOAD/Project-4.2/Vehicle.java
2023.03.14 11:50:39 WARN  no build target for: /Users/raf/Documents/OOAD/Project-4.2/VehicleFactory.java
2023.03.14 11:52:59 WARN  no build target for: /Users/raf/Documents/OOAD/Project-4.2/VehicleFactory.java
2023.03.14 11:53:29 WARN  no build target for: /Users/raf/Documents/OOAD/Project-4.2/VehicleFactory.java
2023.03.14 11:53:34 WARN  no build target for: /Users/raf/Documents/OOAD/Project-4.2/VehicleFactory.java
2023.03.14 11:54:02 WARN  no build target for: /Users/raf/Documents/OOAD/Project-4.2/Enums.java
2023.03.14 11:55:02 WARN  no build target for: /Users/raf/Documents/OOAD/Project-4.2/VehicleFactory.java
2023.03.14 11:56:54 WARN  no build target for: /Users/raf/Documents/OOAD/Project-4.2/VehicleFactory.java
2023.03.14 11:57:01 WARN  no build target for: /Users/raf/Documents/OOAD/Project-4.2/VehicleFactory.java
2023.03.14 11:57:13 WARN  no build target for: /Users/raf/Documents/OOAD/Project-4.2/Vehicle.java
Mar 14, 2023 11:59:39 AM org.eclipse.lsp4j.jsonrpc.RemoteEndpoint handleCancellation
WARNING: Unmatched cancel notification for request id 1824
2023.03.14 12:00:56 WARN  no build target for: /Users/raf/Documents/OOAD/Project-4.2/VehicleFactory.java
2023.03.14 12:00:57 WARN  Running javac-semanticdb failed for file:///Users/raf/Documents/OOAD/Project-4.2/VehicleFactory.java. Output:
/Users/raf/Documents/OOAD/Project-4.2/VehicleFactory.java:33: error: invalid method declaration; return type required
    newVehicle(int day, ArrayList<Vehicle> vehicleInventory){
    ^
1 error
2023.03.14 12:01:45 WARN  no build target for: /Users/raf/Documents/OOAD/Project-4.2/VehicleFactory.java
2023.03.14 12:01:46 WARN  Running javac-semanticdb failed for file:///Users/raf/Documents/OOAD/Project-4.2/VehicleFactory.java. Output:
/Users/raf/Documents/OOAD/Project-4.2/VehicleFactory.java:33: error: invalid method declaration; return type required
    newVehicle(int day, ArrayList<Vehicle> vehicleInventory){
    ^
1 error
2023.03.14 12:02:48 WARN  no build target for: /Users/raf/Documents/OOAD/Project-4.2/VehicleFactory.java
2023.03.14 12:02:48 WARN  Running javac-semanticdb failed for file:///Users/raf/Documents/OOAD/Project-4.2/VehicleFactory.java. Output:
/Users/raf/Documents/OOAD/Project-4.2/VehicleFactory.java:33: error: invalid method declaration; return type required
    newVehicle(int day, ArrayList<Vehicle> vehicleInventory){
    ^
1 error
2023.03.14 12:03:38 WARN  no build target for: /Users/raf/Documents/OOAD/Project-4.2/VehicleFactory.java
2023.03.14 12:03:38 WARN  Running javac-semanticdb failed for file:///Users/raf/Documents/OOAD/Project-4.2/VehicleFactory.java. Output:
/Users/raf/Documents/OOAD/Project-4.2/VehicleFactory.java:33: error: invalid method declaration; return type required
    newVehicle(int day, ArrayList<Vehicle> vehicleInventory){
    ^
1 error
2023.03.14 12:05:18 WARN  no build target for: /Users/raf/Documents/OOAD/Project-4.2/Enums.java
2023.03.14 12:05:21 WARN  no build target for: /Users/raf/Documents/OOAD/Project-4.2/VehicleFactory.java
2023.03.14 12:05:22 WARN  Running javac-semanticdb failed for file:///Users/raf/Documents/OOAD/Project-4.2/VehicleFactory.java. Output:
/Users/raf/Documents/OOAD/Project-4.2/VehicleFactory.java:34: error: invalid method declaration; return type required
    newVehicle(int day, ArrayList<Vehicle> vehicleInventory){
    ^
1 error
2023.03.14 12:05:45 WARN  no build target for: /Users/raf/Documents/OOAD/Project-4.2/VehicleFactory.java
2023.03.14 12:05:46 WARN  Running javac-semanticdb failed for file:///Users/raf/Documents/OOAD/Project-4.2/VehicleFactory.java. Output:
/Users/raf/Documents/OOAD/Project-4.2/VehicleFactory.java:36: error: invalid method declaration; return type required
    newVehicle(int day, ArrayList<Vehicle> vehicleInventory){
    ^
1 error
2023.03.14 12:06:01 WARN  no build target for: /Users/raf/Documents/OOAD/Project-4.2/VehicleFactory.java
2023.03.14 12:06:01 WARN  Running javac-semanticdb failed for file:///Users/raf/Documents/OOAD/Project-4.2/VehicleFactory.java. Output:
/Users/raf/Documents/OOAD/Project-4.2/VehicleFactory.java:36: error: invalid method declaration; return type required
    newVehicle(int day, ArrayList<Vehicle> vehicleInventory){
    ^
1 error
2023.03.14 12:07:07 WARN  no build target for: /Users/raf/Documents/OOAD/Project-4.2/VehicleFactory.java
Mar 14, 2023 12:07:49 PM org.eclipse.lsp4j.jsonrpc.RemoteEndpoint handleCancellation
WARNING: Unmatched cancel notification for request id 2922
2023.03.14 12:08:00 WARN  no build target for: /Users/raf/Documents/OOAD/Project-4.2/VehicleFactory.java
2023.03.14 12:10:31 WARN  no build target for: /Users/raf/Documents/OOAD/Project-4.2/VehicleFactory.java
2023.03.14 12:20:15 WARN  no build target for: /Users/raf/Documents/OOAD/Project-4.2/VehicleFactory.java
2023.03.14 12:21:47 WARN  no build target for: /Users/raf/Documents/OOAD/Project-4.2/VehicleFactory.java
2023.03.14 12:21:47 WARN  Running javac-semanticdb failed for file:///Users/raf/Documents/OOAD/Project-4.2/VehicleFactory.java. Output:
/Users/raf/Documents/OOAD/Project-4.2/VehicleFactory.java:29: error: <identifier> expected
    makeCar();    
           ^
1 error
2023.03.14 12:22:12 WARN  no build target for: /Users/raf/Documents/OOAD/Project-4.2/VehicleFactory.java
2023.03.14 12:22:13 WARN  Running javac-semanticdb failed for file:///Users/raf/Documents/OOAD/Project-4.2/VehicleFactory.java. Output:
/Users/raf/Documents/OOAD/Project-4.2/VehicleFactory.java:29: error: <identifier> expected
    makeCar();    
           ^
/Users/raf/Documents/OOAD/Project-4.2/VehicleFactory.java:50: error: ';' expected
            Car newCar = new Car(simDay)
                                        ^
2 errors
2023.03.14 12:22:14 WARN  no build target for: /Users/raf/Documents/OOAD/Project-4.2/VehicleFactory.java
2023.03.14 12:22:14 WARN  Running javac-semanticdb failed for file:///Users/raf/Documents/OOAD/Project-4.2/VehicleFactory.java. Output:
/Users/raf/Documents/OOAD/Project-4.2/VehicleFactory.java:29: error: <identifier> expected
    makeCar();    
           ^
1 error
2023.03.14 12:22:36 WARN  no build target for: /Users/raf/Documents/OOAD/Project-4.2/VehicleFactory.java
2023.03.14 12:22:37 WARN  Running javac-semanticdb failed for file:///Users/raf/Documents/OOAD/Project-4.2/VehicleFactory.java. Output:
/Users/raf/Documents/OOAD/Project-4.2/VehicleFactory.java:29: error: <identifier> expected
    makeCar();    
           ^
1 error
2023.03.14 12:23:20 WARN  no build target for: /Users/raf/Documents/OOAD/Project-4.2/VehicleFactory.java
2023.03.14 12:23:51 WARN  no build target for: /Users/raf/Documents/OOAD/Project-4.2/VehicleFactory.java
2023.03.14 12:24:07 WARN  no build target for: /Users/raf/Documents/OOAD/Project-4.2/VehicleFactory.java
2023.03.14 12:24:14 WARN  no build target for: /Users/raf/Documents/OOAD/Project-4.2/VehicleFactory.java
2023.03.14 12:24:18 WARN  no build target for: /Users/raf/Documents/OOAD/Project-4.2/VehicleFactory.java
2023.03.14 12:24:39 WARN  no build target for: /Users/raf/Documents/OOAD/Project-4.2/VehicleFactory.java
2023.03.14 12:25:34 WARN  no build target for: /Users/raf/Documents/OOAD/Project-4.2/VehicleFactory.java
2023.03.14 12:25:49 WARN  no build target for: /Users/raf/Documents/OOAD/Project-4.2/VehicleFactory.java
2023.03.14 12:25:53 WARN  no build target for: /Users/raf/Documents/OOAD/Project-4.2/VehicleFactory.java
2023.03.14 12:27:10 WARN  no build target for: /Users/raf/Documents/OOAD/Project-4.2/VehicleFactory.java
2023.03.14 12:28:08 WARN  no build target for: /Users/raf/Documents/OOAD/Project-4.2/VehicleFactory.java
2023.03.14 12:28:33 WARN  no build target for: /Users/raf/Documents/OOAD/Project-4.2/VehicleFactory.java
2023.03.14 12:28:54 WARN  no build target for: /Users/raf/Documents/OOAD/Project-4.2/VehicleFactory.java
2023.03.14 12:29:19 WARN  no build target for: /Users/raf/Documents/OOAD/Project-4.2/VehicleFactory.java
2023.03.14 12:29:46 WARN  no build target for: /Users/raf/Documents/OOAD/Project-4.2/VehicleFactory.java
Mar 14, 2023 12:29:57 PM org.eclipse.lsp4j.jsonrpc.RemoteEndpoint handleCancellation
WARNING: Unmatched cancel notification for request id 4120
Mar 14, 2023 12:30:03 PM org.eclipse.lsp4j.jsonrpc.RemoteEndpoint handleCancellation
WARNING: Unmatched cancel notification for request id 4166
2023.03.14 12:30:17 WARN  no build target for: /Users/raf/Documents/OOAD/Project-4.2/VehicleFactory.java
